<?xml version="1.0" encoding="UTF-8"?>
<testng-results skipped="0" failed="0" ignored="0" total="2" passed="2">
  <reporter-output>
  </reporter-output>
  <suite name="Suite" duration-ms="170028" started-at="2019-12-28T21:01:39Z" finished-at="2019-12-28T21:04:30Z">
    <groups>
    </groups>
    <test name="Test" duration-ms="170028" started-at="2019-12-28T21:01:39Z" finished-at="2019-12-28T21:04:30Z">
      <class name="com.guru99.demo.TestCases.LoginPageTest">
        <test-method status="PASS" signature="setUp()[pri:0, instance:com.guru99.demo.TestCases.LoginPageTest@14e1548]" name="setUp" is-config="true" duration-ms="51346" started-at="2019-12-28T21:01:40Z" finished-at="2019-12-28T21:02:31Z">
          <reporter-output>
          </reporter-output>
        </test-method> <!-- setUp -->
        <test-method status="PASS" signature="verifyValidLogin()[pri:0, instance:com.guru99.demo.TestCases.LoginPageTest@14e1548]" name="verifyValidLogin" duration-ms="5581" started-at="2019-12-28T21:02:31Z" finished-at="2019-12-28T21:02:37Z">
          <reporter-output>
          </reporter-output>
        </test-method> <!-- verifyValidLogin -->
        <test-method status="PASS" signature="tearDown()[pri:0, instance:com.guru99.demo.TestCases.LoginPageTest@14e1548]" name="tearDown" is-config="true" duration-ms="1" started-at="2019-12-28T21:02:37Z" finished-at="2019-12-28T21:02:37Z">
          <reporter-output>
          </reporter-output>
        </test-method> <!-- tearDown -->
      </class> <!-- com.guru99.demo.TestCases.LoginPageTest -->
      <class name="com.guru99.demo.TestCases.ChangePasswordPageTest">
        <test-method status="PASS" signature="setUp()[pri:0, instance:com.guru99.demo.TestCases.ChangePasswordPageTest@3a4799]" name="setUp" is-config="true" duration-ms="89866" started-at="2019-12-28T21:02:37Z" finished-at="2019-12-28T21:04:06Z">
          <reporter-output>
          </reporter-output>
        </test-method> <!-- setUp -->
        <test-method status="PASS" signature="verifyChangePassword()[pri:0, instance:com.guru99.demo.TestCases.ChangePasswordPageTest@3a4799]" name="verifyChangePassword" duration-ms="20284" started-at="2019-12-28T21:04:06Z" finished-at="2019-12-28T21:04:27Z">
          <reporter-output>
          </reporter-output>
        </test-method> <!-- verifyChangePassword -->
        <test-method status="PASS" signature="tearDown()[pri:0, instance:com.guru99.demo.TestCases.ChangePasswordPageTest@3a4799]" name="tearDown" is-config="true" duration-ms="2769" started-at="2019-12-28T21:04:27Z" finished-at="2019-12-28T21:04:30Z">
          <reporter-output>
          </reporter-output>
        </test-method> <!-- tearDown -->
      </class> <!-- com.guru99.demo.TestCases.ChangePasswordPageTest -->
    </test> <!-- Test -->
  </suite> <!-- Suite -->
</testng-results>
