<?xml version="1.0" encoding="UTF-8"?>
<testng-results skipped="0" failed="0" ignored="0" total="1" passed="1">
  <reporter-output>
  </reporter-output>
  <suite name="Default suite" duration-ms="92418" started-at="2019-12-30T15:19:04Z" finished-at="2019-12-30T15:20:37Z">
    <groups>
    </groups>
    <test name="Default test" duration-ms="92418" started-at="2019-12-30T15:19:04Z" finished-at="2019-12-30T15:20:37Z">
      <class name="com.guru99.demo.TestCases.EditCustomerPageTest">
        <test-method status="PASS" signature="setUp()[pri:0, instance:com.guru99.demo.TestCases.EditCustomerPageTest@707e36]" name="setUp" is-config="true" duration-ms="70514" started-at="2019-12-30T15:19:04Z" finished-at="2019-12-30T15:20:15Z">
          <reporter-output>
          </reporter-output>
        </test-method> <!-- setUp -->
        <test-method status="PASS" signature="verifyEditCustomer()[pri:0, instance:com.guru99.demo.TestCases.EditCustomerPageTest@707e36]" name="verifyEditCustomer" duration-ms="20397" started-at="2019-12-30T15:20:15Z" finished-at="2019-12-30T15:20:35Z">
          <reporter-output>
          </reporter-output>
        </test-method> <!-- verifyEditCustomer -->
        <test-method status="PASS" signature="tearDown()[pri:0, instance:com.guru99.demo.TestCases.EditCustomerPageTest@707e36]" name="tearDown" is-config="true" duration-ms="1440" started-at="2019-12-30T15:20:35Z" finished-at="2019-12-30T15:20:37Z">
          <reporter-output>
          </reporter-output>
        </test-method> <!-- tearDown -->
      </class> <!-- com.guru99.demo.TestCases.EditCustomerPageTest -->
    </test> <!-- Default test -->
  </suite> <!-- Default suite -->
</testng-results>
